<?xml version="1.0" encoding="UTF-8"?>
<!-- Generated by org.testng.reporters.JUnitReportReporter -->
<testsuite hostname="DESKTOP-NKQ2RHF" failures="0" tests="2" name="Selenium.tests.ErrorValidations" time="14.586" errors="0" timestamp="2024-05-28T12:59:09 IST" skipped="0">
  <testcase classname="Selenium.tests.ErrorValidations" name="productErrorValidation" time="7.346"/>
  <system-out/>
  <testcase classname="Selenium.tests.ErrorValidations" name="LoginEroorValidation" time="7.240"/>
  <system-out/>
</testsuite> <!-- Selenium.tests.ErrorValidations -->
