<?xml version="1.0" encoding="UTF-8"?>
<!-- Generated by org.testng.reporters.JUnitReportReporter -->
<testsuite hostname="DESKTOP-NKQ2RHF" failures="0" tests="2" name="Selenium.tests.SubmitOrderTest" time="15.468" errors="0" timestamp="2024-05-28T13:25:10 IST" skipped="0">
  <testcase classname="Selenium.tests.SubmitOrderTest" name="SubmitOrderTest" time="9.128"/>
  <system-out/>
  <testcase classname="Selenium.tests.SubmitOrderTest" name="SubmitOrderTest" time="6.340"/>
  <system-out/>
</testsuite> <!-- Selenium.tests.SubmitOrderTest -->
