<?xml version="1.0" encoding="UTF-8"?>
<!-- Generated by org.testng.reporters.JUnitReportReporter -->
<testsuite hostname="DESKTOP-NKQ2RHF" failures="0" tests="1" name="NewTest" time="0.009" errors="0" timestamp="2024-05-27T11:57:48 IST" skipped="0">
  <testcase classname="NewTest" name="f" time="0.009"/>
</testsuite> <!-- NewTest -->
