<?xml version="1.0" encoding="UTF-8"?>
<!-- Generated by org.testng.reporters.JUnitReportReporter -->
<testsuite hostname="DESKTOP-NKQ2RHF" failures="0" tests="2" name="Selenium.tests.ErrorValidations" time="12.968" errors="0" timestamp="2024-05-27T13:20:39 IST" skipped="0">
  <testcase classname="Selenium.tests.ErrorValidations" name="LoginEroorValidation" time="6.197"/>
  <testcase classname="Selenium.tests.ErrorValidations" name="productErrorValidation" time="6.771"/>
</testsuite> <!-- Selenium.tests.ErrorValidations -->
