<?xml version="1.0" encoding="UTF-8"?>
<!-- Generated by org.testng.reporters.JUnitReportReporter -->
<testsuite hostname="DESKTOP-NKQ2RHF" failures="0" tests="3" name="Selenium.tests.SubmitOrderTest" time="20.722" errors="0" timestamp="2024-05-27T13:20:39 IST" skipped="0">
  <testcase classname="Selenium.tests.SubmitOrderTest" name="SubmitOrderTest" time="8.844"/>
  <testcase classname="Selenium.tests.SubmitOrderTest" name="OrderHistoryTest" time="3.927"/>
  <testcase classname="Selenium.tests.SubmitOrderTest" name="SubmitOrderTest" time="7.951"/>
</testsuite> <!-- Selenium.tests.SubmitOrderTest -->
